npm error code ERESOLVE
npm error ERESOLVE unable to resolve dependency tree
npm error
npm error While resolving: your-app-name@0.1.0
npm error Found: react@19.0.0-rc-2d16326d-20240930
npm error node_modules/react
npm error   react@"19.0.0-rc-2d16326d-20240930" from the root project
npm error
npm error Could not resolve dependency:
npm error peer react@"^18.2.0 || 19.0.0-rc-de68d2f4-20241204 || ^19.0.0" from next@15.3.1
npm error node_modules/next
npm error   next@"^15.3.1-canary.15" from the root project
npm error   peer next@"^13.2.0 || ^14.0 || ^15.0.0-rc.0" from @sentry/nextjs@9.13.0
npm error   node_modules/@sentry/nextjs
npm error     @sentry/nextjs@"9.13.0" from the root project
npm error
npm error Fix the upstream dependency conflict, or retry
npm error this command with --force or --legacy-peer-deps
npm error to accept an incorrect (and potentially broken) dependency resolution.
npm error
npm error
npm error For a full report see:
npm error /Users/macbook/.npm/_logs/2025-04-21T10_42_53_205Z-eresolve-report.txt
npm error A complete log of this run can be found in: /Users/macbook/.npm/_logs/2025-04-21T10_42_53_205Z-debug-0.log
